  GameScene.cpp
c:\users\sakai yuu\desktop\2019_12月チーム制作\scenesample\number.h(4): warning C4244: '初期化中': 'double' から 'int' への変換です。データが失われる可能性があります。
c:\users\sakai yuu\desktop\2019_12月チーム制作\scenesample\gamescene.cpp(66): warning C4244: '引数': 'int' から 'float' への変換です。データが失われる可能性があります。
c:\users\sakai yuu\desktop\2019_12月チーム制作\scenesample\gamescene.cpp(287): warning C4244: '引数': 'double' から 'float' への変換です。データが失われる可能性があります。
c:\users\sakai yuu\desktop\2019_12月チーム制作\scenesample\gamescene.cpp(308): warning C4018: '>=': signed と unsigned の数値を比較しようとしました。
c:\users\sakai yuu\desktop\2019_12月チーム制作\scenesample\gamescene.cpp(347): warning C4244: '引数': 'int' から 'float' への変換です。データが失われる可能性があります。
c:\users\sakai yuu\desktop\2019_12月チーム制作\scenesample\gamescene.cpp(352): warning C4244: '=': 'float' から 'int' への変換です。データが失われる可能性があります。
c:\users\sakai yuu\desktop\2019_12月チーム制作\scenesample\gamescene.cpp(353): warning C4244: '引数': 'int' から 'float' への変換です。データが失われる可能性があります。
c:\users\sakai yuu\desktop\2019_12月チーム制作\scenesample\gamescene.cpp(358): warning C4244: '=': 'float' から 'int' への変換です。データが失われる可能性があります。
c:\users\sakai yuu\desktop\2019_12月チーム制作\scenesample\gamescene.cpp(359): warning C4244: '引数': 'int' から 'float' への変換です。データが失われる可能性があります。
c:\users\sakai yuu\desktop\2019_12月チーム制作\scenesample\gamescene.cpp(360): warning C4244: '引数': 'int' から 'float' への変換です。データが失われる可能性があります。
c:\users\sakai yuu\desktop\2019_12月チーム制作\scenesample\gamescene.cpp(365): warning C4244: '=': 'float' から 'int' への変換です。データが失われる可能性があります。
c:\users\sakai yuu\desktop\2019_12月チーム制作\scenesample\gamescene.cpp(366): warning C4244: '引数': 'int' から 'float' への変換です。データが失われる可能性があります。
c:\users\sakai yuu\desktop\2019_12月チーム制作\scenesample\gamescene.cpp(367): warning C4244: '引数': 'int' から 'float' への変換です。データが失われる可能性があります。
c:\users\sakai yuu\desktop\2019_12月チーム制作\scenesample\gamescene.cpp(368): warning C4244: '引数': 'int' から 'float' への変換です。データが失われる可能性があります。
c:\users\sakai yuu\desktop\2019_12月チーム制作\scenesample\gamescene.cpp(386): warning C4244: '引数': 'int' から 'float' への変換です。データが失われる可能性があります。
c:\users\sakai yuu\desktop\2019_12月チーム制作\scenesample\gamescene.cpp(398): warning C4244: '引数': 'int' から 'float' への変換です。データが失われる可能性があります。
c:\users\sakai yuu\desktop\2019_12月チーム制作\scenesample\gamescene.cpp(399): warning C4244: '引数': 'int' から 'float' への変換です。データが失われる可能性があります。
c:\users\sakai yuu\desktop\2019_12月チーム制作\scenesample\gamescene.cpp(420): warning C4244: '引数': 'int' から 'float' への変換です。データが失われる可能性があります。
c:\users\sakai yuu\desktop\2019_12月チーム制作\scenesample\gamescene.cpp(441): warning C4244: '引数': 'int' から 'float' への変換です。データが失われる可能性があります。
c:\users\sakai yuu\desktop\2019_12月チーム制作\scenesample\gamescene.cpp(454): warning C4244: '引数': 'int' から 'float' への変換です。データが失われる可能性があります。
  SceneSample.vcxproj -> C:\Users\sakai Yuu\Desktop\2019_12月チーム制作\SceneSample\Debug\SceneSample.exe
